Построение начато 28.08.2015 22:32:57.
     1>Проект "c:\Users\Katia\documents\visual studio 2010\Projects\Course\Course\Course.vcxproj" в узле 2 (целевые объекты build).
     1>PrepareForBuild:
         Создание каталога "c:\users\katia\documents\visual studio 2010\Projects\Course\Debug\".
       InitializeBuildStatus:
         Создание "Debug\Course.unsuccessfulbuild", так как было задано "AlwaysCreate".
       ClCompile:
         C:\Program Files\Microsoft Visual Studio 10.0\VC\bin\CL.exe /c /ZI /nologo /W3 /WX- /Od /Oy- /D WIN32 /D _DEBUG /D _CONSOLE /D _UNICODE /D UNICODE /Gm /EHsc /RTC1 /MDd /GS /fp:precise /Zc:wchar_t /Zc:forScope /Yc"StdAfx.h" /Fp"Debug\Course.pch" /Fo"Debug\\" /Fd"Debug\vc100.pdb" /Gd /TP /analyze- /errorReport:prompt stdafx.cpp
         stdafx.cpp
         C:\Program Files\Microsoft Visual Studio 10.0\VC\bin\CL.exe /c /ZI /nologo /W3 /WX- /Od /Oy- /D WIN32 /D _DEBUG /D _CONSOLE /D _UNICODE /D UNICODE /Gm /EHsc /RTC1 /MDd /GS /fp:precise /Zc:wchar_t /Zc:forScope /Yu"StdAfx.h" /Fp"Debug\Course.pch" /Fo"Debug\\" /Fd"Debug\vc100.pdb" /Gd /TP /analyze- /errorReport:prompt Course.cpp
         Course.cpp
     1>c:\users\katia\documents\visual studio 2010\projects\course\course\course.cpp(86): warning C4996: 'fopen': This function or variable may be unsafe. Consider using fopen_s instead. To disable deprecation, use _CRT_SECURE_NO_WARNINGS. See online help for details.
                 c:\program files\microsoft visual studio 10.0\vc\include\stdio.h(234): см. объявление "fopen"
     1>c:\users\katia\documents\visual studio 2010\projects\course\course\course.cpp(101): warning C4018: <: несоответствие типов со знаком и без знака
     1>c:\users\katia\documents\visual studio 2010\projects\course\course\course.cpp(102): warning C4996: 'fopen': This function or variable may be unsafe. Consider using fopen_s instead. To disable deprecation, use _CRT_SECURE_NO_WARNINGS. See online help for details.
                 c:\program files\microsoft visual studio 10.0\vc\include\stdio.h(234): см. объявление "fopen"
     1>c:\users\katia\documents\visual studio 2010\projects\course\course\course.cpp(124): warning C4018: <: несоответствие типов со знаком и без знака
     1>c:\users\katia\documents\visual studio 2010\projects\course\course\course.cpp(133): warning C4018: <: несоответствие типов со знаком и без знака
     1>c:\users\katia\documents\visual studio 2010\projects\course\course\course.cpp(138): warning C4018: <: несоответствие типов со знаком и без знака
       ManifestResourceCompile:
         C:\Program Files\Microsoft SDKs\Windows\v7.0A\bin\rc.exe /nologo /fo"Debug\Course.exe.embed.manifest.res" Debug\Course_manifest.rc 
       Link:
         C:\Program Files\Microsoft Visual Studio 10.0\VC\bin\link.exe /ERRORREPORT:PROMPT /OUT:"c:\users\katia\documents\visual studio 2010\Projects\Course\Debug\Course.exe" /INCREMENTAL /NOLOGO kernel32.lib user32.lib gdi32.lib winspool.lib comdlg32.lib advapi32.lib shell32.lib ole32.lib oleaut32.lib uuid.lib odbc32.lib odbccp32.lib /MANIFEST /ManifestFile:"Debug\Course.exe.intermediate.manifest" /MANIFESTUAC:"level='asInvoker' uiAccess='false'" /DEBUG /PDB:"c:\users\katia\documents\visual studio 2010\Projects\Course\Debug\Course.pdb" /SUBSYSTEM:CONSOLE /TLBID:1 /DYNAMICBASE /NXCOMPAT /IMPLIB:"c:\users\katia\documents\visual studio 2010\Projects\Course\Debug\Course.lib" /MACHINE:X86 Debug\Course.exe.embed.manifest.res
         Debug\Course.obj
         Debug\stdafx.obj
       Manifest:
         C:\Program Files\Microsoft SDKs\Windows\v7.0A\bin\mt.exe /nologo /verbose /out:"Debug\Course.exe.embed.manifest" /manifest Debug\Course.exe.intermediate.manifest
         C:\Program Files\Microsoft SDKs\Windows\v7.0A\bin\rc.exe /nologo /fo"Debug\Course.exe.embed.manifest.res" Debug\Course_manifest.rc 
       LinkEmbedManifest:
         C:\Program Files\Microsoft Visual Studio 10.0\VC\bin\link.exe /ERRORREPORT:PROMPT /OUT:"c:\users\katia\documents\visual studio 2010\Projects\Course\Debug\Course.exe" /INCREMENTAL /NOLOGO kernel32.lib user32.lib gdi32.lib winspool.lib comdlg32.lib advapi32.lib shell32.lib ole32.lib oleaut32.lib uuid.lib odbc32.lib odbccp32.lib /MANIFEST /ManifestFile:"Debug\Course.exe.intermediate.manifest" /MANIFESTUAC:"level='asInvoker' uiAccess='false'" /DEBUG /PDB:"c:\users\katia\documents\visual studio 2010\Projects\Course\Debug\Course.pdb" /SUBSYSTEM:CONSOLE /TLBID:1 /DYNAMICBASE /NXCOMPAT /IMPLIB:"c:\users\katia\documents\visual studio 2010\Projects\Course\Debug\Course.lib" /MACHINE:X86 Debug\Course.exe.embed.manifest.res
         Debug\Course.obj
         Debug\stdafx.obj
         Course.vcxproj -> c:\users\katia\documents\visual studio 2010\Projects\Course\Debug\Course.exe
       FinalizeBuildStatus:
         Файл "Debug\Course.unsuccessfulbuild" удаляется.
         Обращение к "Debug\Course.lastbuildstate".
     1>Построение проекта "c:\Users\Katia\documents\visual studio 2010\Projects\Course\Course\Course.vcxproj" завершено (целевые объекты build).

Построение успешно завершено.

Затраченное время: 00:00:09.69
